11:07:09.932 [main] INFO  sqltiming - select * from tbl_board

		 WHERE cno = 2

				and (

						title like concat('%', '오마에', '%')

					or
						id like concat('%', '오마에', '%')

				) 

		order by bno desc 
		limit 10 offset 0
 {executed in 9 msec}
11:07:09.965 [main] INFO  BoardMapperTest - [Board(bno=110, title=오마에와 모우신데이루, content=<p>나!!니!!</p>
, id=sae, regdate=2025-06-18 09:51:32, moddate=2025-06-18 09:51:32, cnt=0, cno=2), Board(bno=109, title=오마에와 모우신데이루, content=<p>나!!니!!</p>
, id=sae, regdate=2025-06-18 09:51:32, moddate=2025-06-18 09:51:32, cnt=0, cno=2), Board(bno=96, title=오마에와 모우신데이루, content=구로, id=sae, regdate=2025-06-18 09:51:32, moddate=2025-06-18 09:51:32, cnt=0, cno=2), Board(bno=95, title=오마에와 모우신데이루, content=구로, id=sae, regdate=2025-06-18 09:51:32, moddate=2025-06-18 09:51:32, cnt=0, cno=2), Board(bno=82, title=오마에와 모우신데이루, content=구로, id=sae, regdate=2025-06-18 09:51:32, moddate=2025-06-18 09:51:32, cnt=0, cno=2), Board(bno=81, title=오마에와 모우신데이루, content=구로, id=sae, regdate=2025-06-18 09:51:32, moddate=2025-06-18 09:51:32, cnt=0, cno=2), Board(bno=68, title=오마에와 모우신데이루, content=구로, id=sae, regdate=2025-06-18 09:51:32, moddate=2025-06-18 09:51:32, cnt=0, cno=2), Board(bno=67, title=오마에와 모우신데이루, content=구로, id=sae, regdate=2025-06-18 09:51:32, moddate=2025-06-18 09:51:32, cnt=0, cno=2), Board(bno=51, title=오마에와 모우신데이루, content=구로, id=sae, regdate=2025-06-18 09:51:31, moddate=2025-06-18 09:51:31, cnt=0, cno=2), Board(bno=37, title=오마에와 모우신데이루, content=구로, id=sae, regdate=2025-06-18 09:51:31, moddate=2025-06-18 09:51:31, cnt=0, cno=2)]
11:07:09.975 [main] INFO  BoardMapperTest - 오마에와 모우신데이루
11:07:09.976 [main] INFO  BoardMapperTest - 오마에와 모우신데이루
11:07:09.976 [main] INFO  BoardMapperTest - 오마에와 모우신데이루
11:07:09.976 [main] INFO  BoardMapperTest - 오마에와 모우신데이루
11:07:09.976 [main] INFO  BoardMapperTest - 오마에와 모우신데이루
11:07:09.976 [main] INFO  BoardMapperTest - 오마에와 모우신데이루
11:07:09.976 [main] INFO  BoardMapperTest - 오마에와 모우신데이루
11:07:09.976 [main] INFO  BoardMapperTest - 오마에와 모우신데이루
11:07:09.976 [main] INFO  BoardMapperTest - 오마에와 모우신데이루
11:07:09.976 [main] INFO  BoardMapperTest - 오마에와 모우신데이루
11:07:10.016 [main] INFO  sqltiming - select * from tbl_board

		 WHERE cno = 2 

		order by bno desc 
		limit 10 offset 20
 {executed in 6 msec}
11:07:10.023 [main] INFO  BoardMapperTest - 제목
11:07:10.023 [main] INFO  BoardMapperTest - 개똥이가 쓴글
11:07:10.024 [main] INFO  BoardMapperTest - 오늘의 메뉴
11:07:10.024 [main] INFO  BoardMapperTest - 새똥이가 쓴글
11:07:10.024 [main] INFO  BoardMapperTest - 글작성
11:07:10.024 [main] INFO  BoardMapperTest - 오마에와 모우신데이루
11:07:10.024 [main] INFO  BoardMapperTest - 오마에와 모우신데이루
11:07:10.024 [main] INFO  BoardMapperTest - 글작성
11:07:10.024 [main] INFO  BoardMapperTest - 새똥이가 쓴글
11:07:10.024 [main] INFO  BoardMapperTest - 오늘의 메뉴
11:07:10.053 [main] INFO  sqltiming - select * from tbl_board where bno = 1
 {executed in 6 msec}
11:07:10.054 [main] INFO  BoardMapperTest - Board(bno=1, title=새똥이가 쓴글, content=구로, id=sae, regdate=2025-06-12 17:36:33, moddate=2025-06-12 17:36:33, cnt=0, cno=2)
11:07:10.100 [main] INFO  sqltiming - select * from tbl_reply where bno = 132 order by rno desc
 {executed in 6 msec}
11:07:10.103 [main] INFO  BoardMapperTest - [Reply(rno=5, content=댓글 테스트, id=sae, regdate=2025-06-20 10:45:09, bno=132), Reply(rno=4, content=댓글 테스트, id=sae, regdate=2025-06-20 10:45:08, bno=132), Reply(rno=3, content=수정내용, id=sae, regdate=2025-06-20 10:45:08, bno=132), Reply(rno=1, content=댓글 테스트, id=sae, regdate=2025-06-20 10:45:07, bno=132)]
11:07:10.142 [main] INFO  sqltiming - select * from tbl_board where bno = 61
 {executed in 6 msec}
11:07:10.150 [main] INFO  sqltiming - update tbl_board set 
		title='제목만 수정해보자고',
		content='구로',
		moddate = now(),
		cno = 2
		where bno = 61;
 {executed in 6 msec}
11:08:51.983 [main] INFO  sqltiming - select * from tbl_reply where bno = 132 order by rno desc
 {executed in 8 msec}
11:08:52.006 [main] INFO  ReplyMapperTest - [Reply(rno=5, content=댓글 테스트, id=sae, regdate=2025-06-20 10:45:09, bno=132), Reply(rno=4, content=댓글 테스트, id=sae, regdate=2025-06-20 10:45:08, bno=132), Reply(rno=3, content=수정내용, id=sae, regdate=2025-06-20 10:45:08, bno=132), Reply(rno=1, content=댓글 테스트, id=sae, regdate=2025-06-20 10:45:07, bno=132)]
11:11:23.087 [main] INFO  sqltiming - select * from tbl_reply where bno = 132 order by rno desc
 {executed in 114 msec}
11:11:23.111 [main] INFO  ReplyMapperTest - [Reply(rno=5, content=댓글 테스트, id=sae, regdate=2025-06-20 10:45:09, bno=132), Reply(rno=4, content=댓글 테스트, id=sae, regdate=2025-06-20 10:45:08, bno=132), Reply(rno=3, content=수정내용, id=sae, regdate=2025-06-20 10:45:08, bno=132), Reply(rno=1, content=댓글 테스트, id=sae, regdate=2025-06-20 10:45:07, bno=132)]
11:11:32.471 [main] INFO  sqltiming - select * from tbl_reply where bno = 132 order by rno desc
 {executed in 238 msec}
11:11:32.496 [main] INFO  ReplyMapperTest - [Reply(rno=5, content=댓글 테스트, id=sae, regdate=2025-06-20 10:45:09, bno=132), Reply(rno=4, content=댓글 테스트, id=sae, regdate=2025-06-20 10:45:08, bno=132), Reply(rno=3, content=수정내용, id=sae, regdate=2025-06-20 10:45:08, bno=132), Reply(rno=1, content=댓글 테스트, id=sae, regdate=2025-06-20 10:45:07, bno=132)]
11:11:57.055 [main] INFO  sqltiming - select * from tbl_reply where rno = 3;
 {executed in 7 msec}
11:11:57.079 [main] INFO  ReplyMapperTest - Reply(rno=3, content=수정내용, id=sae, regdate=2025-06-20 10:45:08, bno=132)
11:11:57.140 [main] INFO  sqltiming - select * from tbl_reply where bno = 132 order by rno desc
 {executed in 7 msec}
11:11:57.142 [main] INFO  ReplyMapperTest - [Reply(rno=5, content=댓글 테스트, id=sae, regdate=2025-06-20 10:45:09, bno=132), Reply(rno=4, content=댓글 테스트, id=sae, regdate=2025-06-20 10:45:08, bno=132), Reply(rno=3, content=수정내용, id=sae, regdate=2025-06-20 10:45:08, bno=132), Reply(rno=1, content=댓글 테스트, id=sae, regdate=2025-06-20 10:45:07, bno=132)]
11:21:20.753 [main] INFO  sqltiming - select * from tbl_reply where rno = 3;
 {executed in 26 msec}
11:21:20.775 [main] INFO  ReplyMapperTest - Reply(rno=3, content=수정내용, id=sae, regdate=2025-06-20 10:45:08, bno=132)
11:21:20.930 [main] INFO  sqltiming - select * from tbl_reply where bno = 132 order by rno desc
 {executed in 45 msec}
11:21:20.943 [main] INFO  ReplyMapperTest - [Reply(rno=5, content=댓글 테스트, id=sae, regdate=2025-06-20 10:45:09, bno=132), Reply(rno=4, content=댓글 테스트, id=sae, regdate=2025-06-20 10:45:08, bno=132), Reply(rno=3, content=수정내용, id=sae, regdate=2025-06-20 10:45:08, bno=132), Reply(rno=1, content=댓글 테스트, id=sae, regdate=2025-06-20 10:45:07, bno=132)]
11:21:21.072 [main] WARN  ErrorPacket - Error: 1366-22007: Incorrect integer value: '수정내용' for column `pbl`.`tbl_reply`.`bno` at row 1
11:21:21.073 [main] ERROR audit - 3. PreparedStatement.execute() insert into tbl_reply (content, id, bno) values (''수정내용'', ''sae'', 132);

java.sql.SQLSyntaxErrorException: (conn=1258) Incorrect integer value: '수정내용' for column `pbl`.`tbl_reply`.`bno` at row 1
	at org.mariadb.jdbc.export.ExceptionFactory.createException(ExceptionFactory.java:289)
	at org.mariadb.jdbc.export.ExceptionFactory.create(ExceptionFactory.java:378)
	at org.mariadb.jdbc.message.ClientMessage.readPacket(ClientMessage.java:187)
	at org.mariadb.jdbc.client.impl.StandardClient.readPacket(StandardClient.java:1364)
	at org.mariadb.jdbc.client.impl.StandardClient.readResults(StandardClient.java:1303)
	at org.mariadb.jdbc.client.impl.StandardClient.readResponse(StandardClient.java:1222)
	at org.mariadb.jdbc.client.impl.StandardClient.execute(StandardClient.java:1146)
	at org.mariadb.jdbc.ClientPreparedStatement.executeInternal(ClientPreparedStatement.java:87)
	at org.mariadb.jdbc.ClientPreparedStatement.execute(ClientPreparedStatement.java:232)
	at net.sf.log4jdbc.sql.jdbcapi.PreparedStatementSpy.execute(PreparedStatementSpy.java:443)
	at com.zaxxer.hikari.pool.ProxyPreparedStatement.execute(ProxyPreparedStatement.java:44)
	at com.zaxxer.hikari.pool.HikariProxyPreparedStatement.execute(HikariProxyPreparedStatement.java)
	at org.apache.ibatis.executor.statement.PreparedStatementHandler.update(PreparedStatementHandler.java:48)
	at org.apache.ibatis.executor.statement.RoutingStatementHandler.update(RoutingStatementHandler.java:75)
	at org.apache.ibatis.executor.SimpleExecutor.doUpdate(SimpleExecutor.java:50)
	at org.apache.ibatis.executor.BaseExecutor.update(BaseExecutor.java:117)
	at org.apache.ibatis.executor.CachingExecutor.update(CachingExecutor.java:76)
	at org.apache.ibatis.session.defaults.DefaultSqlSession.update(DefaultSqlSession.java:197)
	at org.apache.ibatis.session.defaults.DefaultSqlSession.insert(DefaultSqlSession.java:184)
	at org.apache.ibatis.binding.MapperMethod.execute(MapperMethod.java:62)
	at org.apache.ibatis.binding.MapperProxy$PlainMethodInvoker.invoke(MapperProxy.java:141)
	at org.apache.ibatis.binding.MapperProxy.invoke(MapperProxy.java:86)
	at jdk.proxy2/jdk.proxy2.$Proxy15.insert(Unknown Source)
	at mapper.ReplyMapperTest.insertTest(ReplyMapperTest.java:34)
	at java.base/jdk.internal.reflect.DirectMethodHandleAccessor.invoke(DirectMethodHandleAccessor.java:103)
	at java.base/java.lang.reflect.Method.invoke(Method.java:580)
	at org.junit.platform.commons.util.ReflectionUtils.invokeMethod(ReflectionUtils.java:775)
	at org.junit.platform.commons.support.ReflectionSupport.invokeMethod(ReflectionSupport.java:479)
	at org.junit.jupiter.engine.execution.MethodInvocation.proceed(MethodInvocation.java:60)
	at org.junit.jupiter.engine.execution.InvocationInterceptorChain$ValidatingInvocation.proceed(InvocationInterceptorChain.java:131)
	at org.junit.jupiter.engine.extension.TimeoutExtension.intercept(TimeoutExtension.java:161)
	at org.junit.jupiter.engine.extension.TimeoutExtension.interceptTestableMethod(TimeoutExtension.java:152)
	at org.junit.jupiter.engine.extension.TimeoutExtension.interceptTestMethod(TimeoutExtension.java:91)
	at org.junit.jupiter.engine.execution.InterceptingExecutableInvoker$ReflectiveInterceptorCall.lambda$ofVoidMethod$0(InterceptingExecutableInvoker.java:112)
	at org.junit.jupiter.engine.execution.InterceptingExecutableInvoker.lambda$invoke$0(InterceptingExecutableInvoker.java:94)
	at org.junit.jupiter.engine.execution.InvocationInterceptorChain$InterceptedInvocation.proceed(InvocationInterceptorChain.java:106)
	at org.junit.jupiter.engine.execution.InvocationInterceptorChain.proceed(InvocationInterceptorChain.java:64)
	at org.junit.jupiter.engine.execution.InvocationInterceptorChain.chainAndInvoke(InvocationInterceptorChain.java:45)
	at org.junit.jupiter.engine.execution.InvocationInterceptorChain.invoke(InvocationInterceptorChain.java:37)
	at org.junit.jupiter.engine.execution.InterceptingExecutableInvoker.invoke(InterceptingExecutableInvoker.java:93)
	at org.junit.jupiter.engine.execution.InterceptingExecutableInvoker.invoke(InterceptingExecutableInvoker.java:87)
	at org.junit.jupiter.engine.descriptor.TestMethodTestDescriptor.lambda$invokeTestMethod$7(TestMethodTestDescriptor.java:216)
	at org.junit.platform.engine.support.hierarchical.ThrowableCollector.execute(ThrowableCollector.java:73)
	at org.junit.jupiter.engine.descriptor.TestMethodTestDescriptor.invokeTestMethod(TestMethodTestDescriptor.java:212)
	at org.junit.jupiter.engine.descriptor.TestMethodTestDescriptor.execute(TestMethodTestDescriptor.java:137)
	at org.junit.jupiter.engine.descriptor.TestMethodTestDescriptor.execute(TestMethodTestDescriptor.java:69)
	at org.junit.platform.engine.support.hierarchical.NodeTestTask.lambda$executeRecursively$6(NodeTestTask.java:156)
	at org.junit.platform.engine.support.hierarchical.ThrowableCollector.execute(ThrowableCollector.java:73)
	at org.junit.platform.engine.support.hierarchical.NodeTestTask.lambda$executeRecursively$8(NodeTestTask.java:146)
	at org.junit.platform.engine.support.hierarchical.Node.around(Node.java:137)
	at org.junit.platform.engine.support.hierarchical.NodeTestTask.lambda$executeRecursively$9(NodeTestTask.java:144)
	at org.junit.platform.engine.support.hierarchical.ThrowableCollector.execute(ThrowableCollector.java:73)
	at org.junit.platform.engine.support.hierarchical.NodeTestTask.executeRecursively(NodeTestTask.java:143)
	at org.junit.platform.engine.support.hierarchical.NodeTestTask.execute(NodeTestTask.java:100)
	at java.base/java.util.ArrayList.forEach(ArrayList.java:1596)
	at org.junit.platform.engine.support.hierarchical.SameThreadHierarchicalTestExecutorService.invokeAll(SameThreadHierarchicalTestExecutorService.java:41)
	at org.junit.platform.engine.support.hierarchical.NodeTestTask.lambda$executeRecursively$6(NodeTestTask.java:160)
	at org.junit.platform.engine.support.hierarchical.ThrowableCollector.execute(ThrowableCollector.java:73)
	at org.junit.platform.engine.support.hierarchical.NodeTestTask.lambda$executeRecursively$8(NodeTestTask.java:146)
	at org.junit.platform.engine.support.hierarchical.Node.around(Node.java:137)
	at org.junit.platform.engine.support.hierarchical.NodeTestTask.lambda$executeRecursively$9(NodeTestTask.java:144)
	at org.junit.platform.engine.support.hierarchical.ThrowableCollector.execute(ThrowableCollector.java:73)
	at org.junit.platform.engine.support.hierarchical.NodeTestTask.executeRecursively(NodeTestTask.java:143)
	at org.junit.platform.engine.support.hierarchical.NodeTestTask.execute(NodeTestTask.java:100)
	at java.base/java.util.ArrayList.forEach(ArrayList.java:1596)
	at org.junit.platform.engine.support.hierarchical.SameThreadHierarchicalTestExecutorService.invokeAll(SameThreadHierarchicalTestExecutorService.java:41)
	at org.junit.platform.engine.support.hierarchical.NodeTestTask.lambda$executeRecursively$6(NodeTestTask.java:160)
	at org.junit.platform.engine.support.hierarchical.ThrowableCollector.execute(ThrowableCollector.java:73)
	at org.junit.platform.engine.support.hierarchical.NodeTestTask.lambda$executeRecursively$8(NodeTestTask.java:146)
	at org.junit.platform.engine.support.hierarchical.Node.around(Node.java:137)
	at org.junit.platform.engine.support.hierarchical.NodeTestTask.lambda$executeRecursively$9(NodeTestTask.java:144)
	at org.junit.platform.engine.support.hierarchical.ThrowableCollector.execute(ThrowableCollector.java:73)
	at org.junit.platform.engine.support.hierarchical.NodeTestTask.executeRecursively(NodeTestTask.java:143)
	at org.junit.platform.engine.support.hierarchical.NodeTestTask.execute(NodeTestTask.java:100)
	at org.junit.platform.engine.support.hierarchical.SameThreadHierarchicalTestExecutorService.submit(SameThreadHierarchicalTestExecutorService.java:35)
	at org.junit.platform.engine.support.hierarchical.HierarchicalTestExecutor.execute(HierarchicalTestExecutor.java:57)
	at org.junit.platform.engine.support.hierarchical.HierarchicalTestEngine.execute(HierarchicalTestEngine.java:54)
	at org.junit.platform.launcher.core.EngineExecutionOrchestrator.execute(EngineExecutionOrchestrator.java:201)
	at org.junit.platform.launcher.core.EngineExecutionOrchestrator.execute(EngineExecutionOrchestrator.java:170)
	at org.junit.platform.launcher.core.EngineExecutionOrchestrator.execute(EngineExecutionOrchestrator.java:94)
	at org.junit.platform.launcher.core.EngineExecutionOrchestrator.lambda$execute$0(EngineExecutionOrchestrator.java:59)
	at org.junit.platform.launcher.core.EngineExecutionOrchestrator.withInterceptedStreams(EngineExecutionOrchestrator.java:142)
	at org.junit.platform.launcher.core.EngineExecutionOrchestrator.execute(EngineExecutionOrchestrator.java:58)
	at org.junit.platform.launcher.core.DefaultLauncher.execute(DefaultLauncher.java:103)
	at org.junit.platform.launcher.core.DefaultLauncher.execute(DefaultLauncher.java:94)
	at org.junit.platform.launcher.core.DelegatingLauncher.execute(DelegatingLauncher.java:52)
	at org.junit.platform.launcher.core.InterceptingLauncher.lambda$execute$2(InterceptingLauncher.java:47)
	at org.junit.platform.launcher.core.ClasspathAlignmentCheckingLauncherInterceptor.intercept(ClasspathAlignmentCheckingLauncherInterceptor.java:25)
	at org.junit.platform.launcher.core.InterceptingLauncher.execute(InterceptingLauncher.java:46)
	at org.junit.platform.launcher.core.DelegatingLauncher.execute(DelegatingLauncher.java:52)
	at org.junit.platform.launcher.core.SessionPerRequestLauncher.execute(SessionPerRequestLauncher.java:70)
	at org.eclipse.jdt.internal.junit5.runner.JUnit5TestReference.run(JUnit5TestReference.java:100)
	at org.eclipse.jdt.internal.junit.runner.TestExecution.run(TestExecution.java:40)
	at org.eclipse.jdt.internal.junit.runner.RemoteTestRunner.runTests(RemoteTestRunner.java:520)
	at org.eclipse.jdt.internal.junit.runner.RemoteTestRunner.runTests(RemoteTestRunner.java:748)
	at org.eclipse.jdt.internal.junit.runner.RemoteTestRunner.run(RemoteTestRunner.java:443)
	at org.eclipse.jdt.internal.junit.runner.RemoteTestRunner.main(RemoteTestRunner.java:211)
11:21:21.076 [main] ERROR sqlonly - 3. PreparedStatement.execute() insert into tbl_reply (content, id, bno) values (''수정내용'', ''sae'', 132);

java.sql.SQLSyntaxErrorException: (conn=1258) Incorrect integer value: '수정내용' for column `pbl`.`tbl_reply`.`bno` at row 1
	at org.mariadb.jdbc.export.ExceptionFactory.createException(ExceptionFactory.java:289)
	at org.mariadb.jdbc.export.ExceptionFactory.create(ExceptionFactory.java:378)
	at org.mariadb.jdbc.message.ClientMessage.readPacket(ClientMessage.java:187)
	at org.mariadb.jdbc.client.impl.StandardClient.readPacket(StandardClient.java:1364)
	at org.mariadb.jdbc.client.impl.StandardClient.readResults(StandardClient.java:1303)
	at org.mariadb.jdbc.client.impl.StandardClient.readResponse(StandardClient.java:1222)
	at org.mariadb.jdbc.client.impl.StandardClient.execute(StandardClient.java:1146)
	at org.mariadb.jdbc.ClientPreparedStatement.executeInternal(ClientPreparedStatement.java:87)
	at org.mariadb.jdbc.ClientPreparedStatement.execute(ClientPreparedStatement.java:232)
	at net.sf.log4jdbc.sql.jdbcapi.PreparedStatementSpy.execute(PreparedStatementSpy.java:443)
	at com.zaxxer.hikari.pool.ProxyPreparedStatement.execute(ProxyPreparedStatement.java:44)
	at com.zaxxer.hikari.pool.HikariProxyPreparedStatement.execute(HikariProxyPreparedStatement.java)
	at org.apache.ibatis.executor.statement.PreparedStatementHandler.update(PreparedStatementHandler.java:48)
	at org.apache.ibatis.executor.statement.RoutingStatementHandler.update(RoutingStatementHandler.java:75)
	at org.apache.ibatis.executor.SimpleExecutor.doUpdate(SimpleExecutor.java:50)
	at org.apache.ibatis.executor.BaseExecutor.update(BaseExecutor.java:117)
	at org.apache.ibatis.executor.CachingExecutor.update(CachingExecutor.java:76)
	at org.apache.ibatis.session.defaults.DefaultSqlSession.update(DefaultSqlSession.java:197)
	at org.apache.ibatis.session.defaults.DefaultSqlSession.insert(DefaultSqlSession.java:184)
	at org.apache.ibatis.binding.MapperMethod.execute(MapperMethod.java:62)
	at org.apache.ibatis.binding.MapperProxy$PlainMethodInvoker.invoke(MapperProxy.java:141)
	at org.apache.ibatis.binding.MapperProxy.invoke(MapperProxy.java:86)
	at jdk.proxy2/jdk.proxy2.$Proxy15.insert(Unknown Source)
	at mapper.ReplyMapperTest.insertTest(ReplyMapperTest.java:34)
	at java.base/jdk.internal.reflect.DirectMethodHandleAccessor.invoke(DirectMethodHandleAccessor.java:103)
	at java.base/java.lang.reflect.Method.invoke(Method.java:580)
	at org.junit.platform.commons.util.ReflectionUtils.invokeMethod(ReflectionUtils.java:775)
	at org.junit.platform.commons.support.ReflectionSupport.invokeMethod(ReflectionSupport.java:479)
	at org.junit.jupiter.engine.execution.MethodInvocation.proceed(MethodInvocation.java:60)
	at org.junit.jupiter.engine.execution.InvocationInterceptorChain$ValidatingInvocation.proceed(InvocationInterceptorChain.java:131)
	at org.junit.jupiter.engine.extension.TimeoutExtension.intercept(TimeoutExtension.java:161)
	at org.junit.jupiter.engine.extension.TimeoutExtension.interceptTestableMethod(TimeoutExtension.java:152)
	at org.junit.jupiter.engine.extension.TimeoutExtension.interceptTestMethod(TimeoutExtension.java:91)
	at org.junit.jupiter.engine.execution.InterceptingExecutableInvoker$ReflectiveInterceptorCall.lambda$ofVoidMethod$0(InterceptingExecutableInvoker.java:112)
	at org.junit.jupiter.engine.execution.InterceptingExecutableInvoker.lambda$invoke$0(InterceptingExecutableInvoker.java:94)
	at org.junit.jupiter.engine.execution.InvocationInterceptorChain$InterceptedInvocation.proceed(InvocationInterceptorChain.java:106)
	at org.junit.jupiter.engine.execution.InvocationInterceptorChain.proceed(InvocationInterceptorChain.java:64)
	at org.junit.jupiter.engine.execution.InvocationInterceptorChain.chainAndInvoke(InvocationInterceptorChain.java:45)
	at org.junit.jupiter.engine.execution.InvocationInterceptorChain.invoke(InvocationInterceptorChain.java:37)
	at org.junit.jupiter.engine.execution.InterceptingExecutableInvoker.invoke(InterceptingExecutableInvoker.java:93)
	at org.junit.jupiter.engine.execution.InterceptingExecutableInvoker.invoke(InterceptingExecutableInvoker.java:87)
	at org.junit.jupiter.engine.descriptor.TestMethodTestDescriptor.lambda$invokeTestMethod$7(TestMethodTestDescriptor.java:216)
	at org.junit.platform.engine.support.hierarchical.ThrowableCollector.execute(ThrowableCollector.java:73)
	at org.junit.jupiter.engine.descriptor.TestMethodTestDescriptor.invokeTestMethod(TestMethodTestDescriptor.java:212)
	at org.junit.jupiter.engine.descriptor.TestMethodTestDescriptor.execute(TestMethodTestDescriptor.java:137)
	at org.junit.jupiter.engine.descriptor.TestMethodTestDescriptor.execute(TestMethodTestDescriptor.java:69)
	at org.junit.platform.engine.support.hierarchical.NodeTestTask.lambda$executeRecursively$6(NodeTestTask.java:156)
	at org.junit.platform.engine.support.hierarchical.ThrowableCollector.execute(ThrowableCollector.java:73)
	at org.junit.platform.engine.support.hierarchical.NodeTestTask.lambda$executeRecursively$8(NodeTestTask.java:146)
	at org.junit.platform.engine.support.hierarchical.Node.around(Node.java:137)
	at org.junit.platform.engine.support.hierarchical.NodeTestTask.lambda$executeRecursively$9(NodeTestTask.java:144)
	at org.junit.platform.engine.support.hierarchical.ThrowableCollector.execute(ThrowableCollector.java:73)
	at org.junit.platform.engine.support.hierarchical.NodeTestTask.executeRecursively(NodeTestTask.java:143)
	at org.junit.platform.engine.support.hierarchical.NodeTestTask.execute(NodeTestTask.java:100)
	at java.base/java.util.ArrayList.forEach(ArrayList.java:1596)
	at org.junit.platform.engine.support.hierarchical.SameThreadHierarchicalTestExecutorService.invokeAll(SameThreadHierarchicalTestExecutorService.java:41)
	at org.junit.platform.engine.support.hierarchical.NodeTestTask.lambda$executeRecursively$6(NodeTestTask.java:160)
	at org.junit.platform.engine.support.hierarchical.ThrowableCollector.execute(ThrowableCollector.java:73)
	at org.junit.platform.engine.support.hierarchical.NodeTestTask.lambda$executeRecursively$8(NodeTestTask.java:146)
	at org.junit.platform.engine.support.hierarchical.Node.around(Node.java:137)
	at org.junit.platform.engine.support.hierarchical.NodeTestTask.lambda$executeRecursively$9(NodeTestTask.java:144)
	at org.junit.platform.engine.support.hierarchical.ThrowableCollector.execute(ThrowableCollector.java:73)
	at org.junit.platform.engine.support.hierarchical.NodeTestTask.executeRecursively(NodeTestTask.java:143)
	at org.junit.platform.engine.support.hierarchical.NodeTestTask.execute(NodeTestTask.java:100)
	at java.base/java.util.ArrayList.forEach(ArrayList.java:1596)
	at org.junit.platform.engine.support.hierarchical.SameThreadHierarchicalTestExecutorService.invokeAll(SameThreadHierarchicalTestExecutorService.java:41)
	at org.junit.platform.engine.support.hierarchical.NodeTestTask.lambda$executeRecursively$6(NodeTestTask.java:160)
	at org.junit.platform.engine.support.hierarchical.ThrowableCollector.execute(ThrowableCollector.java:73)
	at org.junit.platform.engine.support.hierarchical.NodeTestTask.lambda$executeRecursively$8(NodeTestTask.java:146)
	at org.junit.platform.engine.support.hierarchical.Node.around(Node.java:137)
	at org.junit.platform.engine.support.hierarchical.NodeTestTask.lambda$executeRecursively$9(NodeTestTask.java:144)
	at org.junit.platform.engine.support.hierarchical.ThrowableCollector.execute(ThrowableCollector.java:73)
	at org.junit.platform.engine.support.hierarchical.NodeTestTask.executeRecursively(NodeTestTask.java:143)
	at org.junit.platform.engine.support.hierarchical.NodeTestTask.execute(NodeTestTask.java:100)
	at org.junit.platform.engine.support.hierarchical.SameThreadHierarchicalTestExecutorService.submit(SameThreadHierarchicalTestExecutorService.java:35)
	at org.junit.platform.engine.support.hierarchical.HierarchicalTestExecutor.execute(HierarchicalTestExecutor.java:57)
	at org.junit.platform.engine.support.hierarchical.HierarchicalTestEngine.execute(HierarchicalTestEngine.java:54)
	at org.junit.platform.launcher.core.EngineExecutionOrchestrator.execute(EngineExecutionOrchestrator.java:201)
	at org.junit.platform.launcher.core.EngineExecutionOrchestrator.execute(EngineExecutionOrchestrator.java:170)
	at org.junit.platform.launcher.core.EngineExecutionOrchestrator.execute(EngineExecutionOrchestrator.java:94)
	at org.junit.platform.launcher.core.EngineExecutionOrchestrator.lambda$execute$0(EngineExecutionOrchestrator.java:59)
	at org.junit.platform.launcher.core.EngineExecutionOrchestrator.withInterceptedStreams(EngineExecutionOrchestrator.java:142)
	at org.junit.platform.launcher.core.EngineExecutionOrchestrator.execute(EngineExecutionOrchestrator.java:58)
	at org.junit.platform.launcher.core.DefaultLauncher.execute(DefaultLauncher.java:103)
	at org.junit.platform.launcher.core.DefaultLauncher.execute(DefaultLauncher.java:94)
	at org.junit.platform.launcher.core.DelegatingLauncher.execute(DelegatingLauncher.java:52)
	at org.junit.platform.launcher.core.InterceptingLauncher.lambda$execute$2(InterceptingLauncher.java:47)
	at org.junit.platform.launcher.core.ClasspathAlignmentCheckingLauncherInterceptor.intercept(ClasspathAlignmentCheckingLauncherInterceptor.java:25)
	at org.junit.platform.launcher.core.InterceptingLauncher.execute(InterceptingLauncher.java:46)
	at org.junit.platform.launcher.core.DelegatingLauncher.execute(DelegatingLauncher.java:52)
	at org.junit.platform.launcher.core.SessionPerRequestLauncher.execute(SessionPerRequestLauncher.java:70)
	at org.eclipse.jdt.internal.junit5.runner.JUnit5TestReference.run(JUnit5TestReference.java:100)
	at org.eclipse.jdt.internal.junit.runner.TestExecution.run(TestExecution.java:40)
	at org.eclipse.jdt.internal.junit.runner.RemoteTestRunner.runTests(RemoteTestRunner.java:520)
	at org.eclipse.jdt.internal.junit.runner.RemoteTestRunner.runTests(RemoteTestRunner.java:748)
	at org.eclipse.jdt.internal.junit.runner.RemoteTestRunner.run(RemoteTestRunner.java:443)
	at org.eclipse.jdt.internal.junit.runner.RemoteTestRunner.main(RemoteTestRunner.java:211)
11:21:21.078 [main] ERROR sqltiming - 3. PreparedStatement.execute() FAILED! insert into tbl_reply (content, id, bno) values (''수정내용'', ''sae'', 132);
 {FAILED after 26 msec}
java.sql.SQLSyntaxErrorException: (conn=1258) Incorrect integer value: '수정내용' for column `pbl`.`tbl_reply`.`bno` at row 1
	at org.mariadb.jdbc.export.ExceptionFactory.createException(ExceptionFactory.java:289)
	at org.mariadb.jdbc.export.ExceptionFactory.create(ExceptionFactory.java:378)
	at org.mariadb.jdbc.message.ClientMessage.readPacket(ClientMessage.java:187)
	at org.mariadb.jdbc.client.impl.StandardClient.readPacket(StandardClient.java:1364)
	at org.mariadb.jdbc.client.impl.StandardClient.readResults(StandardClient.java:1303)
	at org.mariadb.jdbc.client.impl.StandardClient.readResponse(StandardClient.java:1222)
	at org.mariadb.jdbc.client.impl.StandardClient.execute(StandardClient.java:1146)
	at org.mariadb.jdbc.ClientPreparedStatement.executeInternal(ClientPreparedStatement.java:87)
	at org.mariadb.jdbc.ClientPreparedStatement.execute(ClientPreparedStatement.java:232)
	at net.sf.log4jdbc.sql.jdbcapi.PreparedStatementSpy.execute(PreparedStatementSpy.java:443)
	at com.zaxxer.hikari.pool.ProxyPreparedStatement.execute(ProxyPreparedStatement.java:44)
	at com.zaxxer.hikari.pool.HikariProxyPreparedStatement.execute(HikariProxyPreparedStatement.java)
	at org.apache.ibatis.executor.statement.PreparedStatementHandler.update(PreparedStatementHandler.java:48)
	at org.apache.ibatis.executor.statement.RoutingStatementHandler.update(RoutingStatementHandler.java:75)
	at org.apache.ibatis.executor.SimpleExecutor.doUpdate(SimpleExecutor.java:50)
	at org.apache.ibatis.executor.BaseExecutor.update(BaseExecutor.java:117)
	at org.apache.ibatis.executor.CachingExecutor.update(CachingExecutor.java:76)
	at org.apache.ibatis.session.defaults.DefaultSqlSession.update(DefaultSqlSession.java:197)
	at org.apache.ibatis.session.defaults.DefaultSqlSession.insert(DefaultSqlSession.java:184)
	at org.apache.ibatis.binding.MapperMethod.execute(MapperMethod.java:62)
	at org.apache.ibatis.binding.MapperProxy$PlainMethodInvoker.invoke(MapperProxy.java:141)
	at org.apache.ibatis.binding.MapperProxy.invoke(MapperProxy.java:86)
	at jdk.proxy2/jdk.proxy2.$Proxy15.insert(Unknown Source)
	at mapper.ReplyMapperTest.insertTest(ReplyMapperTest.java:34)
	at java.base/jdk.internal.reflect.DirectMethodHandleAccessor.invoke(DirectMethodHandleAccessor.java:103)
	at java.base/java.lang.reflect.Method.invoke(Method.java:580)
	at org.junit.platform.commons.util.ReflectionUtils.invokeMethod(ReflectionUtils.java:775)
	at org.junit.platform.commons.support.ReflectionSupport.invokeMethod(ReflectionSupport.java:479)
	at org.junit.jupiter.engine.execution.MethodInvocation.proceed(MethodInvocation.java:60)
	at org.junit.jupiter.engine.execution.InvocationInterceptorChain$ValidatingInvocation.proceed(InvocationInterceptorChain.java:131)
	at org.junit.jupiter.engine.extension.TimeoutExtension.intercept(TimeoutExtension.java:161)
	at org.junit.jupiter.engine.extension.TimeoutExtension.interceptTestableMethod(TimeoutExtension.java:152)
	at org.junit.jupiter.engine.extension.TimeoutExtension.interceptTestMethod(TimeoutExtension.java:91)
	at org.junit.jupiter.engine.execution.InterceptingExecutableInvoker$ReflectiveInterceptorCall.lambda$ofVoidMethod$0(InterceptingExecutableInvoker.java:112)
	at org.junit.jupiter.engine.execution.InterceptingExecutableInvoker.lambda$invoke$0(InterceptingExecutableInvoker.java:94)
	at org.junit.jupiter.engine.execution.InvocationInterceptorChain$InterceptedInvocation.proceed(InvocationInterceptorChain.java:106)
	at org.junit.jupiter.engine.execution.InvocationInterceptorChain.proceed(InvocationInterceptorChain.java:64)
	at org.junit.jupiter.engine.execution.InvocationInterceptorChain.chainAndInvoke(InvocationInterceptorChain.java:45)
	at org.junit.jupiter.engine.execution.InvocationInterceptorChain.invoke(InvocationInterceptorChain.java:37)
	at org.junit.jupiter.engine.execution.InterceptingExecutableInvoker.invoke(InterceptingExecutableInvoker.java:93)
	at org.junit.jupiter.engine.execution.InterceptingExecutableInvoker.invoke(InterceptingExecutableInvoker.java:87)
	at org.junit.jupiter.engine.descriptor.TestMethodTestDescriptor.lambda$invokeTestMethod$7(TestMethodTestDescriptor.java:216)
	at org.junit.platform.engine.support.hierarchical.ThrowableCollector.execute(ThrowableCollector.java:73)
	at org.junit.jupiter.engine.descriptor.TestMethodTestDescriptor.invokeTestMethod(TestMethodTestDescriptor.java:212)
	at org.junit.jupiter.engine.descriptor.TestMethodTestDescriptor.execute(TestMethodTestDescriptor.java:137)
	at org.junit.jupiter.engine.descriptor.TestMethodTestDescriptor.execute(TestMethodTestDescriptor.java:69)
	at org.junit.platform.engine.support.hierarchical.NodeTestTask.lambda$executeRecursively$6(NodeTestTask.java:156)
	at org.junit.platform.engine.support.hierarchical.ThrowableCollector.execute(ThrowableCollector.java:73)
	at org.junit.platform.engine.support.hierarchical.NodeTestTask.lambda$executeRecursively$8(NodeTestTask.java:146)
	at org.junit.platform.engine.support.hierarchical.Node.around(Node.java:137)
	at org.junit.platform.engine.support.hierarchical.NodeTestTask.lambda$executeRecursively$9(NodeTestTask.java:144)
	at org.junit.platform.engine.support.hierarchical.ThrowableCollector.execute(ThrowableCollector.java:73)
	at org.junit.platform.engine.support.hierarchical.NodeTestTask.executeRecursively(NodeTestTask.java:143)
	at org.junit.platform.engine.support.hierarchical.NodeTestTask.execute(NodeTestTask.java:100)
	at java.base/java.util.ArrayList.forEach(ArrayList.java:1596)
	at org.junit.platform.engine.support.hierarchical.SameThreadHierarchicalTestExecutorService.invokeAll(SameThreadHierarchicalTestExecutorService.java:41)
	at org.junit.platform.engine.support.hierarchical.NodeTestTask.lambda$executeRecursively$6(NodeTestTask.java:160)
	at org.junit.platform.engine.support.hierarchical.ThrowableCollector.execute(ThrowableCollector.java:73)
	at org.junit.platform.engine.support.hierarchical.NodeTestTask.lambda$executeRecursively$8(NodeTestTask.java:146)
	at org.junit.platform.engine.support.hierarchical.Node.around(Node.java:137)
	at org.junit.platform.engine.support.hierarchical.NodeTestTask.lambda$executeRecursively$9(NodeTestTask.java:144)
	at org.junit.platform.engine.support.hierarchical.ThrowableCollector.execute(ThrowableCollector.java:73)
	at org.junit.platform.engine.support.hierarchical.NodeTestTask.executeRecursively(NodeTestTask.java:143)
	at org.junit.platform.engine.support.hierarchical.NodeTestTask.execute(NodeTestTask.java:100)
	at java.base/java.util.ArrayList.forEach(ArrayList.java:1596)
	at org.junit.platform.engine.support.hierarchical.SameThreadHierarchicalTestExecutorService.invokeAll(SameThreadHierarchicalTestExecutorService.java:41)
	at org.junit.platform.engine.support.hierarchical.NodeTestTask.lambda$executeRecursively$6(NodeTestTask.java:160)
	at org.junit.platform.engine.support.hierarchical.ThrowableCollector.execute(ThrowableCollector.java:73)
	at org.junit.platform.engine.support.hierarchical.NodeTestTask.lambda$executeRecursively$8(NodeTestTask.java:146)
	at org.junit.platform.engine.support.hierarchical.Node.around(Node.java:137)
	at org.junit.platform.engine.support.hierarchical.NodeTestTask.lambda$executeRecursively$9(NodeTestTask.java:144)
	at org.junit.platform.engine.support.hierarchical.ThrowableCollector.execute(ThrowableCollector.java:73)
	at org.junit.platform.engine.support.hierarchical.NodeTestTask.executeRecursively(NodeTestTask.java:143)
	at org.junit.platform.engine.support.hierarchical.NodeTestTask.execute(NodeTestTask.java:100)
	at org.junit.platform.engine.support.hierarchical.SameThreadHierarchicalTestExecutorService.submit(SameThreadHierarchicalTestExecutorService.java:35)
	at org.junit.platform.engine.support.hierarchical.HierarchicalTestExecutor.execute(HierarchicalTestExecutor.java:57)
	at org.junit.platform.engine.support.hierarchical.HierarchicalTestEngine.execute(HierarchicalTestEngine.java:54)
	at org.junit.platform.launcher.core.EngineExecutionOrchestrator.execute(EngineExecutionOrchestrator.java:201)
	at org.junit.platform.launcher.core.EngineExecutionOrchestrator.execute(EngineExecutionOrchestrator.java:170)
	at org.junit.platform.launcher.core.EngineExecutionOrchestrator.execute(EngineExecutionOrchestrator.java:94)
	at org.junit.platform.launcher.core.EngineExecutionOrchestrator.lambda$execute$0(EngineExecutionOrchestrator.java:59)
	at org.junit.platform.launcher.core.EngineExecutionOrchestrator.withInterceptedStreams(EngineExecutionOrchestrator.java:142)
	at org.junit.platform.launcher.core.EngineExecutionOrchestrator.execute(EngineExecutionOrchestrator.java:58)
	at org.junit.platform.launcher.core.DefaultLauncher.execute(DefaultLauncher.java:103)
	at org.junit.platform.launcher.core.DefaultLauncher.execute(DefaultLauncher.java:94)
	at org.junit.platform.launcher.core.DelegatingLauncher.execute(DelegatingLauncher.java:52)
	at org.junit.platform.launcher.core.InterceptingLauncher.lambda$execute$2(InterceptingLauncher.java:47)
	at org.junit.platform.launcher.core.ClasspathAlignmentCheckingLauncherInterceptor.intercept(ClasspathAlignmentCheckingLauncherInterceptor.java:25)
	at org.junit.platform.launcher.core.InterceptingLauncher.execute(InterceptingLauncher.java:46)
	at org.junit.platform.launcher.core.DelegatingLauncher.execute(DelegatingLauncher.java:52)
	at org.junit.platform.launcher.core.SessionPerRequestLauncher.execute(SessionPerRequestLauncher.java:70)
	at org.eclipse.jdt.internal.junit5.runner.JUnit5TestReference.run(JUnit5TestReference.java:100)
	at org.eclipse.jdt.internal.junit.runner.TestExecution.run(TestExecution.java:40)
	at org.eclipse.jdt.internal.junit.runner.RemoteTestRunner.runTests(RemoteTestRunner.java:520)
	at org.eclipse.jdt.internal.junit.runner.RemoteTestRunner.runTests(RemoteTestRunner.java:748)
	at org.eclipse.jdt.internal.junit.runner.RemoteTestRunner.run(RemoteTestRunner.java:443)
	at org.eclipse.jdt.internal.junit.runner.RemoteTestRunner.main(RemoteTestRunner.java:211)
11:31:06.268 [main] INFO  sqltiming - select * from tbl_reply where rno = 3;
 {executed in 251 msec}
11:31:06.309 [main] INFO  ReplyMapperTest - Reply(rno=3, content=수정내용, id=sae, regdate=2025-06-20 10:45:08, bno=132)
11:31:07.182 [main] INFO  sqltiming - select * from tbl_reply where bno = 132 order by rno desc
 {executed in 19 msec}
11:31:07.188 [main] INFO  ReplyMapperTest - [Reply(rno=5, content=댓글 테스트, id=sae, regdate=2025-06-20 10:45:09, bno=132), Reply(rno=4, content=댓글 테스트, id=sae, regdate=2025-06-20 10:45:08, bno=132), Reply(rno=3, content=수정내용, id=sae, regdate=2025-06-20 10:45:08, bno=132), Reply(rno=1, content=댓글 테스트, id=sae, regdate=2025-06-20 10:45:07, bno=132)]
11:31:07.276 [main] INFO  sqltiming - insert into tbl_reply (content, id, bno) values ('수정내용', 'sae', 132);
 {executed in 22 msec}
11:31:07.276 [main] INFO  ReplyMapperTest - Reply(rno=null, content=수정내용, id=sae, regdate=null, bno=132)
11:36:20.474 [main] INFO  sqltiming - select * from tbl_reply where rno = 3;
 {executed in 12 msec}
11:36:20.505 [main] INFO  ReplyMapperTest - Reply(rno=3, content=수정내용, id=sae, regdate=2025-06-20 10:45:08, bno=132)
11:36:20.562 [main] INFO  sqltiming - select * from tbl_reply where bno = 132 order by rno desc
 {executed in 7 msec}
11:36:20.564 [main] INFO  ReplyMapperTest - [Reply(rno=6, content=수정내용, id=sae, regdate=2025-06-20 11:31:08, bno=132), Reply(rno=5, content=댓글 테스트, id=sae, regdate=2025-06-20 10:45:09, bno=132), Reply(rno=4, content=댓글 테스트, id=sae, regdate=2025-06-20 10:45:08, bno=132), Reply(rno=3, content=수정내용, id=sae, regdate=2025-06-20 10:45:08, bno=132), Reply(rno=1, content=댓글 테스트, id=sae, regdate=2025-06-20 10:45:07, bno=132)]
11:36:20.624 [main] INFO  sqltiming - select * from tbl_reply where rno = 3;
 {executed in 11 msec}
11:36:20.634 [main] INFO  sqltiming - update tbl_reply set content = '수정내용' where rno = 3;
 {executed in 7 msec}
11:36:20.635 [main] INFO  ReplyMapperTest - Reply(rno=3, content=수정내용, id=sae, regdate=2025-06-20 10:45:08, bno=132)
11:36:20.661 [main] INFO  sqltiming - insert into tbl_reply (content, id, bno) values ('추가내용', 'sae', 132);
 {executed in 7 msec}
11:36:20.661 [main] INFO  ReplyMapperTest - Reply(rno=null, content=추가내용, id=sae, regdate=null, bno=132)
11:41:48.501 [main] INFO  sqltiming - select * from tbl_reply where rno = 1
 {executed in 15 msec}
11:41:48.524 [main] INFO  ReplyMapperTest - Reply(rno=1, content=댓글 테스트, id=sae, regdate=2025-06-20 10:45:07, bno=132)
11:44:21.600 [main] INFO  sqltiming - select * from tbl_reply where rno = 4
 {executed in 21 msec}
11:44:21.646 [main] INFO  sqltiming - update tbl_reply set content = '수정내용' where rno = 4
 {executed in 22 msec}
11:44:21.646 [main] INFO  ReplyMapperTest - Reply(rno=4, content=수정내용, id=sae, regdate=2025-06-20 10:45:08, bno=132)
11:44:38.145 [main] INFO  sqltiming - select * from tbl_reply where rno = 4
 {executed in 25 msec}
11:44:38.169 [main] INFO  ReplyMapperTest - Reply(rno=4, content=수정내용, id=sae, regdate=2025-06-20 10:45:08, bno=132)
11:47:21.489 [main] INFO  sqltiming - delete from tbl_reply where rno = 5
 {executed in 12 msec}
11:47:39.715 [main] INFO  sqltiming - select * from tbl_reply where rno = 5
 {executed in 8 msec}
11:47:39.732 [main] INFO  ReplyMapperTest - null
13:09:37.152 [main] INFO  sqltiming - select * from tbl_reply where bno = 132 
 		and rno < 35 
 		order by rno desc limit 5;
 {executed in 7 msec}
13:09:37.175 [main] INFO  ReplyMapperTest - 추가내용
13:09:37.177 [main] INFO  ReplyMapperTest - 수정내용
13:09:37.177 [main] INFO  ReplyMapperTest - 수정내용
13:09:37.177 [main] INFO  ReplyMapperTest - 수정내용
13:09:37.177 [main] INFO  ReplyMapperTest - 댓글 테스트
13:11:55.692 [main] INFO  sqltiming - select * from tbl_reply where bno = 132

 		and rno < 35 

 		order by rno desc limit 5;
 {executed in 8 msec}
13:11:55.718 [main] INFO  ReplyMapperTest - 추가내용
13:11:55.720 [main] INFO  ReplyMapperTest - 수정내용
13:11:55.720 [main] INFO  ReplyMapperTest - 수정내용
13:11:55.720 [main] INFO  ReplyMapperTest - 수정내용
13:11:55.720 [main] INFO  ReplyMapperTest - 댓글 테스트
13:13:01.554 [main] INFO  sqltiming - select * from tbl_reply where bno = 132

 		order by rno desc limit 5;
 {executed in 10 msec}
13:13:01.580 [main] INFO  ReplyMapperTest - 추가내용
13:13:01.582 [main] INFO  ReplyMapperTest - 수정내용
13:13:01.582 [main] INFO  ReplyMapperTest - 수정내용
13:13:01.582 [main] INFO  ReplyMapperTest - 수정내용
13:13:01.582 [main] INFO  ReplyMapperTest - 댓글 테스트
13:15:18.412 [main] INFO  sqltiming - select * from tbl_reply where bno = 132

 		and rno < 35 

 		order by rno desc limit 5;
 {executed in 9 msec}
13:15:18.438 [main] INFO  ReplyMapperTest - 추가내용
13:15:18.440 [main] INFO  ReplyMapperTest - 수정내용
13:15:18.440 [main] INFO  ReplyMapperTest - 수정내용
13:15:18.440 [main] INFO  ReplyMapperTest - 수정내용
13:15:18.440 [main] INFO  ReplyMapperTest - 댓글 테스트
